<?xml version="1.0" encoding="UTF-8"?>
<testsuite xmlns:xsi="http://www.w3.org/2001/XMLSchema-instance" xsi:noNamespaceSchemaLocation="https://maven.apache.org/surefire/maven-surefire-plugin/xsd/surefire-test-report-3.0.xsd" version="3.0" name="math.ArrayOperationsTest" time="0.0" tests="3" errors="0" skipped="0" failures="0">
  <properties>
[...]
</properties>
  <testcase name="testFindPrimesInFile_MixedPrimesAndNonPrimes" classname="math.ArrayOperationsTest" time="0.0"/>
  <testcase name="testFindPrimesInFile_NoPrimes" classname="math.ArrayOperationsTest" time="0.0"/>
  <testcase name="testFindPrimesInFile_AllPrimes" classname="math.ArrayOperationsTest" time="0.0"/>
</testsuite>